\BOOKMARK [1][-]{section.1}{Experiment Comparisons}{}% 1
\BOOKMARK [2][-]{subsection.1.1}{Methodology}{section.1}% 2
\BOOKMARK [2][-]{subsection.1.2}{Experimental Setup}{section.1}% 3
\BOOKMARK [2][-]{subsection.1.3}{Results}{section.1}% 4
\BOOKMARK [2][-]{subsection.1.4}{Discussion}{section.1}% 5
\BOOKMARK [2][-]{subsection.1.5}{Conclusion}{section.1}% 6
\BOOKMARK [1][-]{section.2}{Bonus 1}{}% 7
\BOOKMARK [2][-]{subsection.2.1}{Methodology}{section.2}% 8
\BOOKMARK [2][-]{subsection.2.2}{Experimental Setup}{section.2}% 9
\BOOKMARK [2][-]{subsection.2.3}{Results}{section.2}% 10
\BOOKMARK [2][-]{subsection.2.4}{Discussion}{section.2}% 11
\BOOKMARK [2][-]{subsection.2.5}{Conclusion}{section.2}% 12
\BOOKMARK [1][-]{section.3}{Bonus 2}{}% 13
\BOOKMARK [2][-]{subsection.3.1}{Methodology}{section.3}% 14
\BOOKMARK [2][-]{subsection.3.2}{Experimental Setup}{section.3}% 15
\BOOKMARK [2][-]{subsection.3.3}{Results}{section.3}% 16
\BOOKMARK [2][-]{subsection.3.4}{Results}{section.3}% 17
\BOOKMARK [2][-]{subsection.3.5}{Discussion}{section.3}% 18
\BOOKMARK [2][-]{subsection.3.6}{Conclusion}{section.3}% 19
\BOOKMARK [1][-]{section.4}{Bonus 3}{}% 20
\BOOKMARK [2][-]{subsection.4.1}{Methodology}{section.4}% 21
\BOOKMARK [2][-]{subsection.4.2}{Experimental Setup}{section.4}% 22
\BOOKMARK [2][-]{subsection.4.3}{Results}{section.4}% 23
\BOOKMARK [2][-]{subsection.4.4}{Discussion}{section.4}% 24
\BOOKMARK [2][-]{subsection.4.5}{Conclusion}{section.4}% 25
