Result Log
Run 1
25	15	72
63	14	73
101	21	63
139	31	73
177	31	115
215	41	157
253	33	77
291	23	95
329	23	67
367	25	92
405	23	99
443	16	82
481	26	113
519	16	59
557	19	73
595	14	108
633	32	92
671	29	89
709	22	81
747	19	78
785	19	111
823	17	66
861	23	81
899	26	93
937	31	99
975	25	94
1013	23	92
1051	22	89
1089	30	81
1127	22	78
1165	28	110
1203	41	164
1241	30	107
1279	31	75
1317	33	78
1355	29	91
1393	38	97
1431	33	87
1469	39	84
1507	38	83
1545	42	105
1583	36	110
1621	38	101
1659	42	102
1697	33	75
1735	35	90
1773	31	103
1811	33	101
1849	26	89
1887	40	101
1925	37	86
1963	33	82
2001	33	80

Run 2
25	15	72
63	17	69
101	27	81
139	28	95
177	32	123
215	28	97
253	33	91
291	29	75
329	28	63
367	21	74
405	28	77
443	23	63
481	26	90
519	31	99
557	38	82
595	29	76
633	34	85
671	34	81
709	35	110
747	32	75
785	28	83
823	37	102
861	39	94
899	38	91
937	40	110
975	34	114
1013	34	79
1051	45	111
1089	31	78
1127	39	94
1165	37	115
1203	32	80
1241	30	101
1279	30	99
1317	34	109
1355	31	81
1393	35	98
1431	46	95
1469	30	72
1507	31	93
1545	47	86
1583	35	87
1621	33	103
1659	42	140
1697	42	117
1735	48	124
1773	37	88
1811	48	124
1849	37	96
1887	31	101
1925	41	140
1963	27	70
2001	29	75

Run 3
25	17	65
63	27	81
101	32	81
139	23	86
177	24	97
215	21	79
253	15	88
291	26	92
329	16	76
367	21	80
405	16	79
443	24	99
481	20	77
519	18	59
557	23	78
595	21	72
633	23	83
671	17	86
709	19	114
747	19	79
785	30	102
823	29	89
861	31	88
899	26	68
937	27	75
975	21	62
1013	29	84
1051	36	103
1089	28	79
1127	37	103
1165	35	101
1203	31	90
1241	33	96
1279	28	99
1317	36	83
1355	36	108
1393	36	72
1431	42	112
1469	32	114
1507	31	87
1545	34	88
1583	31	113
1621	40	84
1659	33	74
1697	34	77
1735	39	101
1773	38	104
1811	31	75
1849	35	79
1887	36	96
1925	38	85
1963	45	111
2001	38	92

Run 4
25	19	81
63	30	92
101	35	110
139	40	100
177	39	107
215	33	92
253	30	87
291	29	97
329	28	80
367	26	89
405	32	119
443	26	70
481	28	94
519	26	76
557	30	94
595	28	85
633	28	143
671	38	92
709	29	97
747	29	94
785	27	120
823	32	89
861	30	82
899	36	85
937	27	94
975	32	127
1013	32	86
1051	33	89
1089	32	81
1127	28	89
1165	33	73
1203	27	90
1241	31	103
1279	34	80
1317	35	121
1355	45	147
1393	37	72
1431	35	110
1469	45	105
1507	37	87
1545	42	85
1583	41	100
1621	43	123
1659	33	74
1697	37	100
1735	23	102
1773	32	82
1811	35	108
1849	35	96
1887	31	92
1925	33	76
1963	33	70
2001	37	110

Run 5
25	19	94
63	26	85
101	29	75
139	28	93
177	35	102
215	31	94
253	34	104
291	28	109
329	44	126
367	34	95
405	30	92
443	27	90
481	27	98
519	16	77
557	27	79
595	21	85
633	20	102
671	21	75
709	29	86
747	26	92
785	25	76
823	22	75
861	27	81
899	21	102
937	27	74
975	23	110
1013	27	65
1051	29	101
1089	25	85
1127	30	84
1165	35	79
1203	46	90
1241	49	98
1279	39	75
1317	34	89
1355	39	99
1393	39	83
1431	44	85
1469	35	97
1507	28	83
1545	37	85
1583	29	73
1621	38	104
1659	41	92
1697	38	158
1735	45	117
1773	41	91
1811	39	93
1849	40	89
1887	32	110
1925	44	108
1963	25	79
2001	26	100

Run 6
25	17	89
63	30	104
101	25	79
139	32	133
177	34	86
215	28	85
253	26	83
291	29	108
329	22	84
367	28	114
405	18	83
443	17	119
481	29	71
519	23	79
557	29	82
595	39	99
633	34	99
671	19	84
709	30	116
747	36	90
785	29	110
823	31	92
861	27	73
899	20	89
937	27	95
975	23	149
1013	22	73
1051	30	73
1089	38	91
1127	31	78
1165	41	100
1203	31	133
1241	35	107
1279	30	105
1317	37	181
1355	28	108
1393	37	95
1431	38	167
1469	40	115
1507	42	121
1545	33	79
1583	41	101
1621	37	174
1659	35	86
1697	44	115
1735	43	93
1773	36	87
1811	38	132
1849	42	80
1887	40	120
1925	42	108
1963	39	102
2001	30	62

Run 7
25	13	82
63	25	107
101	26	103
139	28	75
177	32	85
215	38	116
253	39	118
291	37	81
329	32	75
367	37	98
405	28	88
443	31	91
481	26	79
519	30	79
557	28	66
595	22	66
633	13	47
671	17	65
709	19	81
747	17	87
785	23	96
823	26	115
861	30	107
899	28	117
937	29	91
975	33	90
1013	34	110
1051	27	102
1089	34	130
1127	35	118
1165	39	97
1203	32	92
1241	31	95
1279	30	77
1317	28	92
1355	27	93
1393	26	75
1431	36	92
1469	34	78
1507	43	98
1545	37	69
1583	38	81
1621	34	83
1659	42	103
1697	37	83
1735	38	67
1773	37	89
1811	39	89
1849	40	83
1887	41	114
1925	39	92
1963	33	74
2001	36	95

Run 8
25	10	46
63	34	147
101	41	91
139	41	112
177	34	80
215	33	81
253	31	101
291	48	93
329	34	90
367	42	110
405	35	110
443	42	104
481	38	88
519	38	93
557	43	125
595	39	88
633	33	69
671	48	100
709	40	79
747	39	105
785	36	77
823	36	80
861	33	91
899	34	85
937	37	107
975	32	80
1013	39	112
1051	35	139
1089	38	80
1127	30	87
1165	34	82
1203	32	91
1241	39	170
1279	37	89
1317	37	164
1355	44	100
1393	33	111
1431	28	93
1469	35	87
1507	34	82
1545	37	117
1583	33	76
1621	39	93
1659	38	87
1697	36	81
1735	28	76
1773	34	83
1811	31	79
1849	35	103
1887	37	116
1925	29	95
1963	38	103
2001	33	79

Run 9
25	9	42
63	22	70
101	29	99
139	25	61
177	37	98
215	36	78
253	31	87
291	25	90
329	25	96
367	34	108
405	22	78
443	27	108
481	35	90
519	24	68
557	24	144
595	31	86
633	46	118
671	43	99
709	34	98
747	40	117
785	40	109
823	48	113
861	35	92
899	41	101
937	42	95
975	29	79
1013	43	111
1051	38	109
1089	37	91
1127	30	94
1165	36	84
1203	34	86
1241	33	92
1279	30	84
1317	33	103
1355	33	85
1393	34	75
1431	44	95
1469	39	119
1507	36	74
1545	33	80
1583	35	89
1621	38	91
1659	36	100
1697	36	71
1735	35	78
1773	39	102
1811	30	75
1849	37	87
1887	32	95
1925	36	83
1963	27	80
2001	39	87

Run 10
25	21	83
63	33	147
101	30	82
139	27	100
177	30	81
215	27	87
253	31	95
291	42	95
329	32	92
367	34	84
405	32	81
443	29	99
481	37	85
519	29	78
557	30	77
595	37	76
633	36	100
671	38	75
709	45	102
747	34	76
785	35	101
823	32	100
861	35	111
899	39	109
937	38	100
975	32	76
1013	38	96
1051	39	107
1089	40	89
1127	35	90
1165	38	95
1203	31	63
1241	32	81
1279	30	75
1317	27	101
1355	45	115
1393	38	93
1431	37	79
1469	30	69
1507	35	81
1545	35	81
1583	37	88
1621	38	75
1659	42	111
1697	45	100
1735	35	98
1773	37	95
1811	40	99
1849	36	82
1887	36	112
1925	37	109
1963	51	105
2001	44	85

Run 11
25	11	68
63	15	83
101	32	75
139	22	54
177	29	86
215	34	81
253	33	113
291	23	75
329	29	111
367	27	96
405	33	90
443	32	103
481	33	89
519	26	84
557	28	92
595	47	119
633	34	75
671	31	83
709	41	91
747	31	102
785	26	84
823	35	71
861	30	90
899	29	84
937	30	98
975	34	86
1013	35	108
1051	39	84
1089	38	81
1127	42	87
1165	44	89
1203	42	90
1241	42	84
1279	49	125
1317	36	92
1355	44	117
1393	45	124
1431	40	80
1469	33	103
1507	38	94
1545	36	73
1583	39	80
1621	35	122
1659	40	102
1697	35	79
1735	40	71
1773	45	94
1811	40	95
1849	41	98
1887	38	76
1925	41	81
1963	42	102
2001	35	75

Run 12
25	15	90
63	24	104
101	29	90
139	27	85
177	26	101
215	23	81
253	25	110
291	25	79
329	19	73
367	18	63
405	21	102
443	33	96
481	19	54
519	30	81
557	32	73
595	29	75
633	34	87
671	38	75
709	42	78
747	41	79
785	29	87
823	34	77
861	33	101
899	40	92
937	29	84
975	39	112
1013	38	85
1051	31	141
1089	39	94
1127	35	105
1165	38	146
1203	38	87
1241	24	108
1279	33	84
1317	42	91
1355	31	83
1393	38	89
1431	34	77
1469	36	92
1507	39	86
1545	35	102
1583	42	79
1621	35	98
1659	41	98
1697	39	81
1735	47	78
1773	39	109
1811	37	95
1849	30	80
1887	24	77
1925	32	115
1963	36	85
2001	35	91

Run 13
25	26	78
63	37	85
101	31	89
139	33	101
177	35	80
215	38	90
253	30	84
291	27	75
329	28	81
367	31	93
405	31	88
443	29	89
481	24	86
519	37	93
557	31	66
595	36	75
633	29	72
671	34	103
709	37	91
747	37	107
785	43	83
823	36	91
861	41	102
899	40	94
937	32	100
975	31	61
1013	34	62
1051	35	74
1089	35	92
1127	38	85
1165	42	77
1203	34	104
1241	27	104
1279	31	105
1317	31	87
1355	44	82
1393	32	74
1431	31	66
1469	35	85
1507	38	107
1545	44	88
1583	35	83
1621	34	64
1659	37	102
1697	25	75
1735	33	88
1773	32	90
1811	27	65
1849	35	168
1887	40	84
1925	28	96
1963	36	88
2001	31	76

Run 14
25	19	81
63	16	83
101	18	79
139	26	79
177	22	135
215	33	97
253	31	118
291	39	118
329	32	108
367	31	100
405	32	113
443	43	112
481	42	179
519	28	80
557	44	89
595	51	149
633	33	87
671	32	93
709	33	145
747	29	83
785	28	105
823	45	160
861	36	79
899	37	85
937	36	97
975	31	81
1013	37	73
1051	41	100
1089	34	79
1127	27	65
1165	40	107
1203	35	90
1241	38	101
1279	39	71
1317	32	89
1355	44	91
1393	39	78
1431	34	100
1469	40	98
1507	39	94
1545	40	100
1583	47	117
1621	41	79
1659	48	108
1697	49	169
1735	51	188
1773	45	121
1811	36	93
1849	52	131
1887	47	165
1925	46	136
1963	44	104
2001	49	95

Run 15
25	12	51
63	20	65
101	20	60
139	17	77
177	27	79
215	30	87
253	25	95
291	22	79
329	16	84
367	34	94
405	36	88
443	34	85
481	30	67
519	34	97
557	22	75
595	22	69
633	31	77
671	38	91
709	30	83
747	32	79
785	39	93
823	32	81
861	31	67
899	38	85
937	26	86
975	35	98
1013	28	76
1051	32	87
1089	33	76
1127	42	85
1165	46	87
1203	32	87
1241	41	102
1279	43	89
1317	49	92
1355	41	77
1393	43	96
1431	36	153
1469	33	91
1507	32	102
1545	34	85
1583	31	64
1621	37	111
1659	33	99
1697	36	113
1735	28	104
1773	30	92
1811	32	70
1849	29	74
1887	39	84
1925	34	102
1963	35	107
2001	36	74

Run 16
25	14	81
63	30	91
101	36	141
139	33	69
177	36	95
215	30	89
253	22	94
291	26	77
329	33	88
367	31	105
405	22	88
443	29	93
481	27	102
519	18	89
557	27	79
595	33	84
633	40	97
671	32	93
709	35	89
747	36	113
785	42	91
823	35	84
861	41	93
899	34	64
937	34	91
975	33	103
1013	39	73
1051	37	84
1089	38	91
1127	49	99
1165	45	82
1203	39	94
1241	40	81
1279	40	92
1317	38	123
1355	42	99
1393	41	87
1431	37	130
1469	33	94
1507	26	64
1545	37	99
1583	26	74
1621	29	75
1659	25	63
1697	35	82
1735	24	98
1773	26	96
1811	33	74
1849	37	108
1887	29	93
1925	27	69
1963	34	73
2001	29	73

Run 17
25	24	67
63	28	76
101	22	81
139	30	76
177	25	78
215	33	96
253	29	94
291	25	94
329	28	78
367	20	92
405	26	114
443	24	101
481	33	123
519	22	71
557	19	70
595	19	80
633	19	74
671	31	83
709	37	105
747	36	90
785	41	89
823	37	88
861	36	108
899	38	97
937	30	59
975	37	99
1013	27	77
1051	34	97
1089	29	72
1127	45	114
1165	36	78
1203	40	89
1241	41	83
1279	29	121
1317	33	67
1355	43	71
1393	43	96
1431	41	78
1469	39	113
1507	34	72
1545	32	76
1583	38	110
1621	39	88
1659	46	131
1697	34	79
1735	39	90
1773	41	116
1811	31	73
1849	33	88
1887	38	91
1925	38	112
1963	32	81
2001	40	90

Run 18
25	11	89
63	19	79
101	27	78
139	32	92
177	31	90
215	12	55
253	21	90
291	29	94
329	21	107
367	30	121
405	18	94
443	19	73
481	21	77
519	30	110
557	22	86
595	24	98
633	30	84
671	33	102
709	42	85
747	27	108
785	29	89
823	23	80
861	40	103
899	37	99
937	31	69
975	47	112
1013	42	85
1051	35	87
1089	29	79
1127	40	93
1165	34	81
1203	45	97
1241	33	99
1279	19	79
1317	30	77
1355	30	81
1393	32	97
1431	41	87
1469	39	91
1507	33	81
1545	38	106
1583	38	89
1621	38	88
1659	33	85
1697	37	86
1735	48	114
1773	30	80
1811	40	118
1849	51	167
1887	35	95
1925	40	81
1963	38	85
2001	35	91

Run 19
25	14	79
63	27	82
101	33	99
139	34	87
177	27	74
215	31	90
253	33	120
291	32	77
329	25	67
367	18	56
405	21	115
443	23	94
481	15	53
519	23	84
557	24	89
595	24	75
633	29	74
671	21	71
709	30	102
747	43	92
785	38	88
823	33	91
861	36	102
899	36	102
937	34	84
975	40	92
1013	33	84
1051	21	78
1089	33	127
1127	37	95
1165	35	95
1203	38	99
1241	41	125
1279	42	112
1317	35	107
1355	43	131
1393	39	94
1431	35	100
1469	38	91
1507	46	84
1545	43	103
1583	29	87
1621	39	94
1659	41	144
1697	34	98
1735	41	85
1773	36	94
1811	36	96
1849	39	94
1887	41	114
1925	36	94
1963	39	74
2001	45	95

Run 20
25	19	69
63	28	83
101	29	99
139	28	121
177	28	77
215	30	93
253	30	75
291	29	67
329	26	94
367	29	87
405	33	79
443	31	91
481	31	92
519	32	92
557	36	89
595	33	70
633	31	77
671	31	107
709	45	112
747	37	76
785	37	109
823	31	91
861	39	105
899	44	88
937	38	80
975	35	91
1013	27	81
1051	33	78
1089	34	108
1127	25	79
1165	39	86
1203	38	91
1241	35	137
1279	31	90
1317	38	95
1355	37	82
1393	39	94
1431	40	87
1469	39	95
1507	33	110
1545	33	111
1583	35	90
1621	51	132
1659	40	91
1697	39	123
1735	39	84
1773	39	69
1811	40	84
1849	34	79
1887	40	79
1925	37	90
1963	47	93
2001	38	96

Run 21
25	22	68
63	32	101
101	35	95
139	40	97
177	37	85
215	35	141
253	24	66
291	21	88
329	24	90
367	21	50
405	32	94
443	35	127
481	34	120
519	32	103
557	24	67
595	30	103
633	27	112
671	31	94
709	24	77
747	20	111
785	31	79
823	38	106
861	35	103
899	26	79
937	28	94
975	24	85
1013	23	95
1051	30	97
1089	38	124
1127	31	103
1165	29	72
1203	34	84
1241	36	103
1279	32	100
1317	40	121
1355	34	87
1393	29	91
1431	31	83
1469	35	85
1507	33	91
1545	32	82
1583	39	142
1621	35	82
1659	36	73
1697	42	109
1735	38	115
1773	43	102
1811	37	74
1849	40	75
1887	43	113
1925	33	89
1963	29	109
2001	43	97

Run 22
25	17	106
63	36	84
101	41	98
139	51	119
177	42	104
215	34	109
253	35	85
291	43	84
329	41	114
367	41	112
405	42	93
443	48	114
481	44	115
519	48	97
557	34	89
595	37	95
633	31	93
671	27	92
709	25	100
747	24	100
785	22	77
823	30	93
861	20	74
899	24	77
937	25	82
975	25	102
1013	30	75
1051	28	77
1089	27	132
1127	32	110
1165	30	102
1203	29	92
1241	31	82
1279	24	74
1317	37	98
1355	40	120
1393	25	111
1431	27	75
1469	26	83
1507	30	74
1545	29	72
1583	33	88
1621	37	75
1659	31	75
1697	38	95
1735	35	156
1773	37	108
1811	29	95
1849	37	92
1887	37	110
1925	35	101
1963	35	93
2001	38	92

Run 23
25	17	79
63	26	93
101	44	148
139	43	87
177	47	164
215	43	99
253	45	91
291	42	89
329	41	93
367	34	89
405	38	114
443	36	101
481	40	176
519	29	93
557	33	77
595	25	85
633	24	73
671	27	161
709	22	99
747	24	49
785	29	82
823	23	95
861	28	87
899	22	73
937	23	99
975	20	82
1013	25	134
1051	22	84
1089	24	109
1127	22	73
1165	14	75
1203	32	71
1241	29	145
1279	22	82
1317	24	119
1355	23	113
1393	18	85
1431	30	102
1469	18	67
1507	24	73
1545	20	94
1583	27	119
1621	31	113
1659	28	75
1697	18	78
1735	22	106
1773	16	66
1811	20	87
1849	22	93
1887	22	108
1925	21	113
1963	32	102
2001	21	95

Run 24
25	20	72
63	33	81
101	34	98
139	40	109
177	39	134
215	41	102
253	25	83
291	29	84
329	28	84
367	27	93
405	25	74
443	31	91
481	28	90
519	14	79
557	19	79
595	22	65
633	27	101
671	29	119
709	36	82
747	31	87
785	30	92
823	22	90
861	27	68
899	27	79
937	41	105
975	36	126
1013	22	126
1051	26	100
1089	34	143
1127	32	85
1165	45	109
1203	24	79
1241	25	67
1279	29	158
1317	31	86
1355	22	81
1393	31	79
1431	27	76
1469	31	76
1507	32	85
1545	40	92
1583	30	87
1621	40	103
1659	34	92
1697	39	155
1735	38	119
1773	46	101
1811	36	174
1849	34	94
1887	50	140
1925	42	92
1963	46	99
2001	48	106

Run 25
25	15	89
63	37	85
101	25	101
139	32	90
177	36	70
215	34	117
253	29	77
291	23	98
329	25	67
367	29	103
405	25	90
443	29	82
481	25	65
519	24	82
557	26	81
595	31	89
633	30	80
671	39	94
709	35	101
747	33	95
785	30	79
823	29	97
861	35	92
899	33	101
937	35	95
975	31	92
1013	28	116
1051	38	103
1089	38	85
1127	40	95
1165	33	86
1203	40	84
1241	55	109
1279	42	90
1317	40	81
1355	31	80
1393	34	76
1431	41	110
1469	39	83
1507	43	95
1545	43	107
1583	28	78
1621	36	92
1659	42	96
1697	35	75
1735	36	69
1773	42	89
1811	33	119
1849	36	105
1887	38	74
1925	31	100
1963	34	76
2001	31	64

Run 26
25	15	85
63	20	72
101	29	69
139	29	102
177	36	92
215	36	105
253	36	117
291	39	82
329	32	81
367	28	93
405	26	87
443	35	91
481	33	86
519	34	86
557	32	74
595	46	100
633	47	116
671	28	82
709	39	138
747	41	132
785	34	96
823	36	79
861	23	80
899	30	153
937	36	98
975	35	110
1013	32	83
1051	37	86
1089	41	125
1127	39	75
1165	42	86
1203	45	122
1241	41	99
1279	43	123
1317	39	88
1355	35	84
1393	39	112
1431	49	121
1469	51	109
1507	40	91
1545	39	114
1583	33	80
1621	43	119
1659	31	78
1697	45	105
1735	38	123
1773	39	108
1811	40	104
1849	36	104
1887	35	88
1925	40	113
1963	50	148
2001	39	105

Run 27
25	16	73
63	21	78
101	25	78
139	30	66
177	23	68
215	27	69
253	37	95
291	31	77
329	31	81
367	24	87
405	31	113
443	33	74
481	37	83
519	42	101
557	32	91
595	32	93
633	33	86
671	31	107
709	30	88
747	35	92
785	44	95
823	31	96
861	33	135
899	32	92
937	28	84
975	30	71
1013	32	73
1051	31	94
1089	24	89
1127	29	66
1165	33	110
1203	38	96
1241	40	91
1279	32	79
1317	43	104
1355	29	86
1393	42	89
1431	35	76
1469	33	98
1507	41	99
1545	34	68
1583	37	113
1621	34	79
1659	38	77
1697	33	92
1735	36	94
1773	40	109
1811	42	98
1849	43	166
1887	39	88
1925	30	109
1963	31	79
2001	39	82

Run 28
25	23	119
63	37	120
101	26	85
139	40	95
177	39	112
215	37	118
253	35	119
291	33	78
329	36	115
367	28	83
405	27	94
443	18	109
481	16	89
519	16	57
557	21	66
595	23	102
633	21	78
671	16	91
709	19	80
747	19	96
785	20	69
823	24	177
861	21	75
899	30	85
937	17	75
975	25	85
1013	21	99
1051	25	105
1089	24	66
1127	26	74
1165	35	85
1203	21	77
1241	29	117
1279	30	105
1317	34	137
1355	30	92
1393	26	85
1431	33	99
1469	32	103
1507	30	102
1545	29	122
1583	25	78
1621	30	100
1659	28	101
1697	35	90
1735	40	129
1773	46	108
1811	31	91
1849	44	100
1887	34	89
1925	42	102
1963	38	98
2001	36	86

Run 29
25	16	64
63	23	59
101	32	99
139	19	99
177	30	103
215	30	74
253	24	68
291	27	103
329	25	100
367	22	90
405	30	105
443	24	79
481	24	109
519	28	93
557	31	132
595	25	113
633	29	97
671	27	83
709	35	102
747	38	97
785	36	74
823	35	76
861	38	129
899	36	90
937	36	134
975	34	164
1013	32	81
1051	33	131
1089	31	168
1127	36	95
1165	35	88
1203	26	81
1241	32	80
1279	40	97
1317	33	93
1355	39	155
1393	40	158
1431	33	95
1469	43	105
1507	41	111
1545	45	90
1583	45	117
1621	44	95
1659	39	84
1697	28	86
1735	45	156
1773	43	137
1811	45	112
1849	42	92
1887	37	181
1925	42	157
1963	47	110
2001	38	82

Run 30
25	13	68
63	24	74
101	41	111
139	50	106
177	45	107
215	38	102
253	32	90
291	36	110
329	29	81
367	29	75
405	31	80
443	23	82
481	23	82
519	27	87
557	26	72
595	27	79
633	35	105
671	27	89
709	28	92
747	29	102
785	36	87
823	49	111
861	40	95
899	28	85
937	40	99
975	37	96
1013	31	105
1051	27	103
1089	35	87
1127	29	85
1165	36	98
1203	39	102
1241	35	90
1279	29	99
1317	37	94
1355	44	116
1393	33	80
1431	36	86
1469	42	98
1507	37	88
1545	41	92
1583	40	81
1621	35	74
1659	42	99
1697	35	75
1735	42	107
1773	34	89
1811	40	93
1849	36	91
1887	38	72
1925	45	109
1963	39	95
2001	40	123

