Result Log
Run 1
50	18	65
125	38	139
200	36	111
275	32	98
350	32	81
425	32	94
500	32	91
575	24	89
650	30	82
725	23	89
800	18	80
875	18	98
950	21	130
1025	20	80
1100	24	89
1175	25	121
1250	25	89
1325	24	88
1400	18	125
1475	27	90
1550	28	85
1625	27	113
1700	25	84
1775	29	85
1850	32	84
1925	32	71
2000	33	95

Run 2
50	15	75
125	32	92
200	37	112
275	30	105
350	23	105
425	26	74
500	28	119
575	19	85
650	16	55
725	21	120
800	22	71
875	16	176
950	17	82
1025	22	109
1100	17	77
1175	20	64
1250	18	68
1325	16	112
1400	20	92
1475	18	88
1550	21	87
1625	21	84
1700	17	123
1775	22	74
1850	23	67
1925	28	82
2000	23	88

Run 3
50	12	78
125	23	95
200	37	87
275	33	112
350	43	125
425	36	122
500	28	87
575	34	90
650	27	95
725	25	151
800	20	104
875	23	93
950	25	93
1025	20	114
1100	19	62
1175	22	105
1250	22	114
1325	23	102
1400	20	103
1475	22	95
1550	21	94
1625	26	123
1700	24	137
1775	33	92
1850	30	85
1925	26	91
2000	40	119

Run 4
50	20	76
125	40	136
200	46	139
275	45	114
350	48	161
425	47	178
500	44	108
575	46	103
650	45	91
725	48	147
800	40	89
875	42	124
950	42	89
1025	42	119
1100	39	120
1175	38	85
1250	35	95
1325	35	79
1400	31	89
1475	29	72
1550	32	136
1625	25	101
1700	24	88
1775	30	120
1850	28	90
1925	24	107
2000	28	91

Run 5
50	13	73
125	27	94
200	37	103
275	36	112
350	27	90
425	30	86
500	32	130
575	31	95
650	32	83
725	31	90
800	27	88
875	29	84
950	31	102
1025	31	91
1100	27	96
1175	34	107
1250	29	88
1325	32	92
1400	28	83
1475	29	89
1550	26	85
1625	35	99
1700	26	74
1775	32	89
1850	28	111
1925	37	93
2000	32	75

Run 6
50	16	89
125	24	90
200	32	98
275	45	119
350	36	106
425	36	95
500	35	175
575	28	77
650	30	101
725	28	102
800	30	89
875	25	87
950	29	95
1025	38	116
1100	29	91
1175	34	104
1250	39	93
1325	34	91
1400	28	86
1475	31	91
1550	29	78
1625	32	96
1700	32	94
1775	31	93
1850	33	74
1925	33	96
2000	23	77

Run 7
50	14	63
125	22	107
200	29	102
275	39	111
350	25	92
425	30	91
500	35	87
575	34	105
650	28	119
725	28	64
800	35	94
875	36	196
950	32	117
1025	35	101
1100	32	86
1175	35	106
1250	39	99
1325	34	111
1400	38	97
1475	30	75
1550	31	105
1625	32	91
1700	41	94
1775	35	80
1850	37	88
1925	35	97
2000	38	105

Run 8
50	22	89
125	31	85
200	42	110
275	34	112
350	39	87
425	45	124
500	34	142
575	39	101
650	37	94
725	30	92
800	28	129
875	24	110
950	23	93
1025	30	112
1100	18	85
1175	22	99
1250	24	115
1325	27	105
1400	23	82
1475	28	147
1550	31	113
1625	34	127
1700	32	92
1775	28	91
1850	33	145
1925	35	136
2000	37	82

Run 9
50	21	118
125	33	97
200	38	115
275	50	155
350	46	141
425	42	99
500	42	141
575	36	115
650	41	105
725	30	78
800	33	110
875	30	111
950	38	115
1025	32	88
1100	29	99
1175	33	106
1250	34	92
1325	32	153
1400	32	111
1475	36	120
1550	25	98
1625	40	153
1700	34	115
1775	33	101
1850	40	86
1925	34	133
2000	29	178

Run 10
50	17	91
125	32	132
200	24	94
275	30	120
350	28	102
425	25	99
500	26	93
575	25	91
650	22	75
725	20	98
800	20	127
875	22	99
950	20	72
1025	25	100
1100	30	118
1175	33	81
1250	35	94
1325	30	97
1400	29	111
1475	28	74
1550	25	66
1625	30	61
1700	30	104
1775	30	84
1850	27	67
1925	32	90
2000	30	94

Run 11
50	16	72
125	31	92
200	31	96
275	40	125
350	37	101
425	37	96
500	40	92
575	37	86
650	34	103
725	29	90
800	30	93
875	33	109
950	28	87
1025	28	59
1100	34	150
1175	36	98
1250	35	97
1325	33	102
1400	33	103
1475	30	94
1550	33	111
1625	34	115
1700	41	116
1775	40	112
1850	33	111
1925	33	105
2000	36	183

Run 12
50	17	91
125	25	97
200	34	84
275	36	84
350	35	97
425	27	85
500	28	99
575	26	89
650	28	97
725	23	83
800	34	109
875	27	80
950	29	101
1025	30	78
1100	25	99
1175	26	73
1250	34	112
1325	26	72
1400	26	83
1475	27	94
1550	27	83
1625	29	99
1700	29	101
1775	38	98
1850	33	103
1925	31	87
2000	27	86

Run 13
50	15	69
125	32	160
200	31	96
275	35	98
350	30	99
425	34	84
500	30	87
575	35	90
650	27	121
725	25	88
800	32	116
875	26	123
950	34	130
1025	33	83
1100	34	92
1175	33	101
1250	37	97
1325	35	87
1400	33	84
1475	33	95
1550	31	134
1625	35	89
1700	33	86
1775	34	81
1850	32	75
1925	38	82
2000	38	84

Run 14
50	16	73
125	22	109
200	38	104
275	35	105
350	36	95
425	33	74
500	23	109
575	24	84
650	25	102
725	20	88
800	22	82
875	20	105
950	27	78
1025	22	81
1100	30	122
1175	29	98
1250	39	121
1325	32	89
1400	31	85
1475	40	94
1550	34	111
1625	38	108
1700	42	95
1775	42	126
1850	34	110
1925	34	151
2000	38	109

Run 15
50	15	77
125	35	94
200	30	107
275	37	92
350	33	104
425	33	94
500	34	112
575	35	88
650	37	76
725	37	99
800	37	101
875	34	83
950	37	83
1025	29	85
1100	27	104
1175	32	71
1250	32	79
1325	33	88
1400	37	152
1475	31	84
1550	34	146
1625	33	74
1700	36	106
1775	39	99
1850	36	85
1925	27	76
2000	32	80

Run 16
50	20	80
125	32	124
200	39	108
275	37	109
350	43	125
425	41	107
500	32	120
575	31	90
650	21	97
725	20	107
800	14	94
875	13	105
950	12	67
1025	17	92
1100	19	108
1175	15	70
1250	14	104
1325	18	109
1400	17	159
1475	21	104
1550	22	101
1625	22	77
1700	24	71
1775	31	119
1850	30	87
1925	35	89
2000	41	129

Run 17
50	14	82
125	30	115
200	34	102
275	39	95
350	33	76
425	32	91
500	29	75
575	30	108
650	30	94
725	27	86
800	24	75
875	31	92
950	28	101
1025	29	119
1100	35	100
1175	27	99
1250	33	89
1325	34	106
1400	30	99
1475	33	103
1550	32	156
1625	31	130
1700	32	120
1775	45	126
1850	37	107
1925	27	105
2000	29	95

Run 18
50	19	75
125	32	119
200	32	87
275	42	85
350	42	97
425	43	121
500	43	92
575	35	99
650	41	117
725	33	87
800	28	109
875	31	104
950	34	95
1025	33	81
1100	24	100
1175	29	96
1250	21	91
1325	24	114
1400	16	97
1475	17	123
1550	22	78
1625	24	93
1700	16	97
1775	21	110
1850	16	121
1925	14	66
2000	16	95

Run 19
50	15	81
125	34	104
200	37	117
275	40	151
350	32	137
425	35	105
500	34	89
575	28	89
650	24	65
725	21	87
800	16	72
875	18	104
950	15	90
1025	30	100
1100	22	80
1175	30	81
1250	31	97
1325	25	90
1400	32	90
1475	33	112
1550	27	83
1625	29	71
1700	29	99
1775	33	85
1850	29	75
1925	29	74
2000	26	70

Run 20
50	19	84
125	33	105
200	39	99
275	46	155
350	49	94
425	47	114
500	35	86
575	35	105
650	26	112
725	24	67
800	24	94
875	31	107
950	21	108
1025	27	120
1100	27	138
1175	17	89
1250	22	109
1325	24	81
1400	24	101
1475	26	86
1550	31	97
1625	30	90
1700	30	99
1775	37	153
1850	35	100
1925	35	147
2000	33	105

Run 21
50	19	68
125	31	82
200	36	104
275	40	147
350	37	105
425	42	130
500	32	81
575	35	116
650	28	99
725	29	76
800	33	95
875	26	84
950	27	84
1025	31	119
1100	25	79
1175	27	90
1250	28	76
1325	33	83
1400	37	88
1475	30	77
1550	41	95
1625	32	74
1700	32	74
1775	33	90
1850	34	91
1925	35	97
2000	37	133

Run 22
50	22	100
125	34	88
200	42	131
275	38	102
350	37	75
425	35	103
500	30	109
575	36	93
650	26	63
725	26	85
800	23	64
875	28	98
950	24	89
1025	27	94
1100	28	99
1175	31	97
1250	30	92
1325	25	101
1400	32	88
1475	34	108
1550	27	87
1625	26	98
1700	24	70
1775	26	82
1850	33	93
1925	29	75
2000	32	109

Run 23
50	18	99
125	27	92
200	46	121
275	31	95
350	28	82
425	27	80
500	25	90
575	32	118
650	29	104
725	28	128
800	27	77
875	29	101
950	32	82
1025	21	83
1100	27	77
1175	32	144
1250	32	67
1325	30	116
1400	30	74
1475	32	96
1550	28	109
1625	29	103
1700	29	106
1775	26	81
1850	29	113
1925	28	110
2000	31	89

Run 24
50	25	91
125	35	102
200	39	92
275	39	100
350	40	97
425	35	90
500	33	88
575	36	110
650	29	100
725	35	99
800	28	127
875	34	99
950	32	103
1025	32	91
1100	35	152
1175	32	94
1250	29	106
1325	29	125
1400	31	165
1475	24	91
1550	30	95
1625	30	93
1700	34	100
1775	29	80
1850	26	102
1925	34	98
2000	38	112

Run 25
50	22	87
125	30	80
200	33	81
275	33	113
350	25	73
425	27	104
500	24	79
575	28	83
650	32	99
725	33	84
800	32	123
875	36	109
950	37	108
1025	32	105
1100	27	91
1175	35	159
1250	30	107
1325	34	84
1400	29	83
1475	31	135
1550	47	160
1625	33	102
1700	35	95
1775	34	95
1850	46	98
1925	42	159
2000	47	163

Run 26
50	24	71
125	32	107
200	32	89
275	34	72
350	38	91
425	35	88
500	29	99
575	21	72
650	26	95
725	18	78
800	23	87
875	27	73
950	20	71
1025	33	132
1100	26	87
1175	30	80
1250	25	116
1325	35	82
1400	31	98
1475	33	103
1550	37	94
1625	34	106
1700	33	101
1775	39	110
1850	33	76
1925	35	93
2000	28	67

Run 27
50	20	69
125	46	119
200	42	95
275	35	123
350	37	80
425	30	75
500	36	104
575	40	150
650	36	84
725	29	103
800	37	109
875	35	121
950	33	96
1025	28	95
1100	33	95
1175	30	162
1250	26	188
1325	37	160
1400	30	98
1475	32	86
1550	35	141
1625	32	148
1700	28	135
1775	35	178
1850	34	107
1925	38	170
2000	35	159

Run 28
50	21	91
125	34	92
200	45	119
275	34	90
350	33	99
425	27	84
500	25	101
575	27	93
650	31	93
725	34	112
800	21	125
875	24	119
950	21	85
1025	27	94
1100	25	80
1175	29	85
1250	31	106
1325	31	120
1400	23	72
1475	30	89
1550	35	96
1625	30	95
1700	31	75
1775	24	142
1850	25	65
1925	31	97
2000	35	96

Run 29
50	16	84
125	30	99
200	37	112
275	36	112
350	30	151
425	30	159
500	40	99
575	31	85
650	30	96
725	31	96
800	29	134
875	31	124
950	29	106
1025	30	96
1100	35	105
1175	31	123
1250	34	101
1325	31	99
1400	35	74
1475	37	79
1550	32	98
1625	30	87
1700	30	100
1775	30	91
1850	30	71
1925	34	101
2000	34	91

Run 30
50	23	87
125	35	148
200	33	108
275	40	119
350	33	94
425	31	113
500	33	106
575	25	102
650	29	96
725	23	100
800	21	74
875	22	73
950	17	99
1025	14	120
1100	15	93
1175	18	68
1250	18	145
1325	19	83
1400	19	75
1475	18	89
1550	19	112
1625	20	77
1700	22	98
1775	20	90
1850	23	174
1925	20	85
2000	15	102

