Result Log
Run 1
50	13	94
125	56	155
200	37	97
275	27	112
350	25	89
425	26	112
500	24	74
575	23	134
650	18	71
725	23	89
800	9	41
875	32	113
950	25	83
1025	41	145
1100	32	104
1175	41	97
1250	21	132
1325	21	89
1400	23	82
1475	39	100
1550	28	94
1625	28	97
1700	36	83
1775	28	95
1850	30	107
1925	39	98
2000	29	111

Run 2
50	39	102
125	24	108
200	42	101
275	31	97
350	21	114
425	28	101
500	23	87
575	21	88
650	20	76
725	20	76
800	26	122
875	33	99
950	25	87
1025	29	95
1100	34	133
1175	32	101
1250	32	89
1325	29	103
1400	35	91
1475	29	70
1550	34	92
1625	24	96
1700	19	73
1775	31	93
1850	26	90
1925	38	105
2000	26	105

Run 3
50	10	88
125	28	120
200	35	157
275	27	93
350	31	127
425	34	115
500	25	102
575	40	99
650	26	119
725	19	77
800	33	76
875	26	86
950	29	64
1025	21	73
1100	39	92
1175	25	90
1250	37	93
1325	36	98
1400	38	88
1475	27	94
1550	42	108
1625	18	100
1700	31	116
1775	24	94
1850	29	90
1925	28	98
2000	32	134

Run 4
50	6	39
125	33	98
200	29	87
275	28	84
350	36	89
425	25	111
500	25	100
575	20	85
650	26	80
725	33	92
800	22	76
875	30	73
950	24	110
1025	19	70
1100	25	84
1175	35	77
1250	29	92
1325	34	104
1400	34	132
1475	37	87
1550	26	118
1625	36	88
1700	20	63
1775	32	79
1850	24	95
1925	25	84
2000	28	76

Run 5
50	10	68
125	42	122
200	31	97
275	30	100
350	33	142
425	30	101
500	28	88
575	27	103
650	40	92
725	37	106
800	29	107
875	17	72
950	32	145
1025	37	75
1100	25	88
1175	22	72
1250	35	101
1325	40	97
1400	17	91
1475	19	111
1550	35	90
1625	31	100
1700	33	107
1775	29	92
1850	36	86
1925	30	82
2000	31	92

Run 6
50	24	74
125	30	102
200	28	72
275	23	119
350	27	102
425	17	71
500	16	61
575	21	81
650	19	82
725	16	80
800	23	111
875	31	97
950	23	92
1025	21	59
1100	33	88
1175	27	95
1250	11	44
1325	37	108
1400	25	93
1475	29	95
1550	34	95
1625	30	92
1700	25	70
1775	37	80
1850	29	68
1925	21	76
2000	24	89

Run 7
50	10	81
125	44	111
200	46	99
275	43	149
350	44	103
425	35	142
500	29	91
575	28	80
650	25	88
725	20	87
800	30	90
875	27	122
950	18	84
1025	13	66
1100	25	105
1175	43	92
1250	25	91
1325	27	104
1400	26	103
1475	21	82
1550	23	82
1625	30	87
1700	36	79
1775	27	167
1850	33	86
1925	24	78
2000	26	101

Run 8
50	31	84
125	41	95
200	36	101
275	35	97
350	30	113
425	35	105
500	29	106
575	27	102
650	13	73
725	29	80
800	36	106
875	20	79
950	25	80
1025	38	87
1100	25	90
1175	22	100
1250	13	54
1325	19	73
1400	29	101
1475	21	83
1550	37	126
1625	27	119
1700	22	113
1775	39	93
1850	25	96
1925	43	93
2000	34	85

Run 9
50	36	100
125	37	121
200	35	104
275	21	133
350	21	69
425	32	99
500	27	100
575	29	111
650	21	82
725	15	82
800	29	92
875	22	96
950	26	105
1025	36	103
1100	24	109
1175	27	111
1250	35	85
1325	28	133
1400	33	106
1475	26	79
1550	28	90
1625	37	115
1700	29	92
1775	25	87
1850	34	97
1925	31	140
2000	34	93

Run 10
50	26	74
125	44	130
200	31	83
275	5	42
350	35	96
425	28	104
500	30	94
575	24	80
650	17	95
725	22	100
800	19	66
875	36	100
950	26	105
1025	22	96
1100	24	92
1175	35	94
1250	18	107
1325	37	90
1400	22	98
1475	40	88
1550	24	85
1625	30	94
1700	24	100
1775	35	81
1850	23	73
1925	32	129
2000	35	117

Run 11
50	27	80
125	32	83
200	41	105
275	43	113
350	29	108
425	25	87
500	23	97
575	23	79
650	22	65
725	24	108
800	10	45
875	37	112
950	21	88
1025	28	75
1100	21	79
1175	30	98
1250	36	97
1325	30	71
1400	35	90
1475	37	95
1550	41	84
1625	41	170
1700	37	94
1775	38	94
1850	43	126
1925	31	95
2000	34	85

Run 12
50	6	80
125	31	105
200	34	91
275	29	97
350	29	107
425	19	106
500	23	86
575	21	98
650	24	85
725	25	94
800	21	95
875	27	92
950	21	104
1025	25	72
1100	25	98
1175	26	79
1250	22	72
1325	32	86
1400	25	66
1475	34	88
1550	24	75
1625	16	71
1700	26	87
1775	23	69
1850	28	97
1925	36	96
2000	23	92

Run 13
50	31	97
125	30	101
200	12	69
275	29	109
350	23	79
425	24	89
500	15	83
575	18	76
650	17	125
725	22	107
800	18	90
875	19	75
950	20	89
1025	36	88
1100	23	76
1175	21	81
1250	43	107
1325	38	95
1400	13	97
1475	42	98
1550	19	97
1625	20	103
1700	20	89
1775	18	84
1850	44	104
1925	25	103
2000	21	105

Run 14
50	39	122
125	23	91
200	39	141
275	36	111
350	32	86
425	23	93
500	21	112
575	18	94
650	16	75
725	30	82
800	26	107
875	36	88
950	33	103
1025	26	92
1100	26	89
1175	18	92
1250	35	87
1325	25	113
1400	22	83
1475	11	72
1550	24	82
1625	25	104
1700	35	96
1775	30	99
1850	22	100
1925	27	102
2000	19	58

Run 15
50	30	103
125	31	102
200	29	78
275	21	89
350	18	87
425	32	82
500	21	103
575	35	94
650	25	91
725	20	92
800	31	94
875	25	68
950	32	99
1025	24	82
1100	23	86
1175	27	80
1250	20	80
1325	26	81
1400	20	60
1475	22	58
1550	28	89
1625	28	82
1700	30	99
1775	30	83
1850	30	111
1925	33	90
2000	32	92

Run 16
50	7	71
125	38	98
200	30	92
275	34	109
350	33	99
425	29	78
500	34	93
575	22	88
650	18	68
725	23	97
800	39	88
875	18	98
950	12	77
1025	22	104
1100	31	151
1175	26	89
1250	30	88
1325	27	89
1400	29	94
1475	30	103
1550	32	94
1625	25	73
1700	35	103
1775	31	77
1850	42	98
1925	29	87
2000	39	94

Run 17
50	31	105
125	29	97
200	20	73
275	21	104
350	18	84
425	18	71
500	18	77
575	33	90
650	17	82
725	32	91
800	26	87
875	25	88
950	33	88
1025	26	102
1100	33	79
1175	32	84
1250	32	76
1325	34	97
1400	30	86
1475	27	86
1550	17	63
1625	34	97
1700	26	81
1775	24	118
1850	29	173
1925	26	108
2000	30	90

Run 18
50	34	76
125	12	51
200	32	107
275	41	135
350	40	106
425	21	96
500	20	79
575	37	100
650	24	89
725	25	107
800	18	81
875	14	66
950	20	101
1025	20	106
1100	30	118
1175	37	106
1250	23	98
1325	29	69
1400	32	157
1475	24	83
1550	38	153
1625	32	84
1700	34	91
1775	28	79
1850	32	94
1925	38	96
2000	32	113

Run 19
50	5	40
125	32	86
200	14	92
275	33	88
350	26	80
425	22	72
500	19	100
575	23	91
650	20	119
725	22	100
800	11	89
875	15	96
950	29	100
1025	30	130
1100	29	74
1175	23	176
1250	30	113
1325	27	89
1400	25	115
1475	30	94
1550	17	65
1625	37	111
1700	43	111
1775	31	149
1850	39	179
1925	44	171
2000	38	170

Run 20
50	25	85
125	28	85
200	30	120
275	24	111
350	13	94
425	35	144
500	27	87
575	22	109
650	28	65
725	27	88
800	24	95
875	22	98
950	28	90
1025	34	88
1100	27	92
1175	34	95
1250	33	122
1325	28	103
1400	36	93
1475	29	75
1550	25	74
1625	22	76
1700	31	103
1775	31	93
1850	26	86
1925	32	82
2000	28	106

Run 21
50	23	102
125	30	100
200	13	64
275	30	92
350	19	105
425	12	73
500	17	83
575	23	77
650	14	85
725	25	91
800	20	87
875	21	82
950	29	102
1025	31	102
1100	30	98
1175	31	74
1250	32	99
1325	31	96
1400	31	115
1475	32	90
1550	34	78
1625	27	84
1700	34	89
1775	34	89
1850	35	101
1925	35	108
2000	28	95

Run 22
50	32	84
125	25	102
200	18	61
275	11	89
350	21	129
425	22	80
500	20	99
575	15	58
650	26	92
725	21	86
800	30	91
875	23	118
950	18	104
1025	27	95
1100	22	80
1175	24	75
1250	28	81
1325	32	104
1400	34	93
1475	30	96
1550	35	77
1625	21	129
1700	35	79
1775	35	107
1850	33	95
1925	37	101
2000	33	86

Run 23
50	20	78
125	13	82
200	29	88
275	29	105
350	15	90
425	27	107
500	25	78
575	30	90
650	22	87
725	24	83
800	34	86
875	29	83
950	23	84
1025	37	124
1100	36	117
1175	26	86
1250	34	99
1325	31	83
1400	33	90
1475	25	110
1550	37	86
1625	44	121
1700	22	97
1775	21	115
1850	40	86
1925	19	83
2000	15	97

Run 24
50	2	60
125	38	92
200	29	103
275	10	71
350	31	132
425	17	84
500	40	97
575	19	85
650	17	71
725	8	49
800	19	105
875	18	79
950	28	96
1025	24	78
1100	27	71
1175	28	62
1250	35	120
1325	30	80
1400	35	85
1475	33	102
1550	31	102
1625	28	86
1700	30	85
1775	18	99
1850	30	94
1925	25	104
2000	39	105

Run 25
50	6	82
125	43	105
200	32	132
275	15	67
350	23	106
425	45	100
500	22	86
575	19	74
650	20	72
725	22	74
800	35	97
875	21	81
950	41	97
1025	20	88
1100	21	89
1175	27	78
1250	31	91
1325	28	93
1400	28	83
1475	29	87
1550	28	69
1625	29	69
1700	26	109
1775	36	75
1850	20	57
1925	23	72
2000	35	101

Run 26
50	12	63
125	44	102
200	18	77
275	38	109
350	37	102
425	25	95
500	38	110
575	23	74
650	12	60
725	35	86
800	41	109
875	33	93
950	22	98
1025	23	101
1100	44	119
1175	33	99
1250	19	92
1325	27	115
1400	33	75
1475	25	95
1550	30	76
1625	31	80
1700	32	67
1775	29	140
1850	31	74
1925	30	130
2000	31	87

Run 27
50	3	51
125	32	87
200	29	82
275	27	94
350	25	71
425	28	87
500	27	88
575	22	79
650	38	91
725	31	92
800	25	81
875	27	177
950	36	110
1025	23	91
1100	27	120
1175	15	62
1250	34	80
1325	18	92
1400	39	108
1475	21	83
1550	24	83
1625	19	74
1700	31	72
1775	18	88
1850	22	83
1925	32	106
2000	22	99

Run 28
50	19	75
125	15	93
200	31	121
275	25	89
350	28	99
425	20	89
500	31	94
575	20	66
650	17	82
725	18	85
800	20	65
875	39	104
950	26	96
1025	37	84
1100	24	99
1175	20	78
1250	21	85
1325	27	95
1400	27	103
1475	28	89
1550	30	136
1625	28	81
1700	20	92
1775	28	75
1850	23	80
1925	22	72
2000	25	77

Run 29
50	-3	47
125	34	84
200	29	80
275	16	83
350	39	117
425	32	89
500	27	89
575	27	97
650	29	84
725	30	100
800	33	80
875	31	92
950	30	90
1025	26	73
1100	36	121
1175	30	102
1250	26	103
1325	33	78
1400	27	83
1475	37	179
1550	38	129
1625	34	127
1700	40	102
1775	31	106
1850	35	91
1925	32	91
2000	38	131

Run 30
50	17	116
125	31	83
200	43	117
275	45	119
350	37	79
425	39	102
500	43	89
575	35	87
650	31	96
725	35	102
800	26	111
875	24	116
950	26	94
1025	26	87
1100	40	86
1175	30	100
1250	37	97
1325	29	96
1400	26	77
1475	26	87
1550	33	110
1625	31	132
1700	29	116
1775	35	125
1850	38	105
1925	31	81
2000	31	124

