Result Log
Run 1
50	7	52
125	41	117
200	37	117
275	20	93
350	12	61
425	23	120
500	22	97
575	20	81
650	11	82
725	12	97
800	13	110
875	9	68
950	49	107
1025	22	125
1100	22	109
1175	18	145
1250	19	106
1325	26	135
1400	14	83
1475	18	99
1550	9	87
1625	18	87
1700	22	149
1775	39	95
1850	38	138
1925	23	97
2000	22	115

Run 2
50	33	99
125	42	119
200	42	100
275	40	93
350	37	132
425	33	108
500	32	122
575	28	97
650	34	111
725	31	101
800	41	120
875	28	119
950	28	97
1025	35	127
1100	24	78
1175	32	93
1250	32	112
1325	19	56
1400	32	107
1475	30	104
1550	28	70
1625	31	168
1700	33	91
1775	28	127
1925	28	105
2000	26	96

Run 3
50	41	101
125	40	112
200	19	77
275	39	109
350	54	116
425	40	95
500	42	107
575	34	113
650	44	106
725	37	119
800	32	93
875	25	100
950	28	85
1025	28	102
1100	39	82
1175	43	89
1250	35	171
1325	31	103
1400	22	99
1475	20	100
1550	23	79
1625	40	87
1700	36	109
1775	22	100
1850	20	147
1925	15	107
2000	15	80

Run 4
50	43	97
125	32	102
200	21	77
275	33	147
350	33	119
425	40	104
500	35	88
575	26	90
650	18	106
725	24	101
800	27	124
875	42	115
950	27	95
1025	24	104
1100	30	129
1175	13	80
1250	35	154
1325	36	150
1400	37	114
1475	23	67
1550	33	96
1625	29	193
1700	23	76
1775	40	112
1850	29	113
1925	33	105
2000	30	87

Run 5
50	33	100
125	34	97
200	39	131
275	41	124
350	24	105
425	37	131
500	31	92
575	29	81
650	28	89
725	34	111
800	30	134
875	30	116
950	30	92
1025	28	92
1100	26	94
1175	34	96
1250	33	105
1325	30	80
1400	25	87
1475	31	124
1550	35	180
1625	31	102
1700	29	86
1775	31	111
1850	19	75
1925	30	135
2000	33	94

Run 6
50	12	80
125	45	141
200	37	116
275	36	89
350	28	78
425	33	91
500	33	132
575	30	94
650	28	87
725	23	117
800	25	135
875	27	103
950	31	111
1025	27	107
1100	26	95
1175	12	49
1250	24	89
1325	26	84
1400	23	100
1475	24	133
1550	25	86
1625	35	131
1700	27	83
1775	29	86
1850	17	131
1925	42	122
2000	31	102

Run 7
50	11	67
125	42	101
200	48	121
275	22	105
350	43	116
425	37	120
500	31	123
575	21	104
650	31	113
725	31	183
800	26	96
875	13	70
950	24	103
1025	24	161
1100	23	159
1175	22	93
1250	25	125
1325	22	152
1400	28	92
1475	29	80
1550	35	97
1625	27	128
1700	15	76
1775	42	97
1850	27	103
1925	37	80
2000	31	106

Run 8
50	10	79
125	45	113
200	40	116
275	32	98
350	23	109
425	23	97
500	10	80
575	20	89
650	15	101
725	17	94
800	14	91
875	28	152
950	18	96
1025	31	72
1100	30	106
1175	28	110
1250	27	84
1325	26	90
1400	19	63
1475	31	182
1550	28	92
1625	33	98
1700	33	90
1775	26	96
1850	24	80
1925	29	93
2000	36	140

Run 9
50	10	83
125	44	123
200	39	130
275	32	89
350	30	82
425	30	129
500	14	70
575	28	108
650	24	98
725	13	71
800	32	112
875	28	108
950	26	110
1025	37	109
1100	36	104
1175	36	99
1250	30	100
1325	27	85
1400	29	118
1475	29	112
1550	27	104
1625	28	93
1700	32	83
1775	34	104
1850	40	102
1925	33	135
2000	23	105

Run 10
50	24	92
125	26	128
200	31	140
275	49	121
350	34	100
425	35	107
500	30	109
575	35	142
650	34	164
725	29	113
800	39	92
875	28	92
950	39	89
1025	25	91
1100	35	164
1175	33	90
1250	27	85
1325	34	90
1400	25	100
1475	21	112
1550	17	90
1625	21	117
1700	21	109
1775	23	89
1850	29	92
1925	31	89
2000	21	82

Run 11
50	6	47
125	42	103
200	37	105
275	34	94
350	34	101
425	19	91
500	33	105
575	36	137
650	30	114
725	34	99
800	32	82
875	32	85
950	30	92
1025	29	86
1100	29	121
1175	19	71
1250	27	87
1325	30	91
1400	26	117
1475	32	93
1550	36	89
1625	21	56
1700	33	101
1775	33	98
1850	32	102
1925	36	122
2000	38	159

Run 12
50	0	75
125	39	98
200	43	104
275	42	118
350	40	132
425	37	103
500	37	111
575	18	74
650	35	103
725	35	91
800	42	158
875	26	118
950	30	123
1025	37	102
1100	24	96
1175	33	117
1250	32	82
1325	35	112
1400	28	113
1475	23	91
1550	36	109
1625	30	112
1700	22	102
1775	35	85
1850	30	89
1925	36	113
2000	32	95

Run 13
50	6	69
125	43	108
200	33	104
275	39	156
350	33	85
425	33	92
500	25	83
575	31	94
650	28	105
725	22	86
800	19	89
875	10	79
950	18	131
1025	21	94
1100	16	109
1175	18	75
1250	20	87
1325	25	117
1400	27	85
1475	24	87
1550	21	71
1625	31	94
1700	26	129
1775	8	65
1850	28	102
1925	33	106
2000	26	124

Run 14
50	42	117
125	45	121
200	19	142
275	64	179
350	40	133
425	38	100
500	37	103
575	47	128
650	40	118
725	36	114
800	33	156
875	37	115
950	33	109
1025	23	103
1100	22	118
1175	30	148
1250	38	139
1325	42	105
1400	44	125
1475	41	143
1550	33	149
1625	24	118
1700	40	96
1775	32	162
1850	12	119
1925	21	86
2000	25	79

Run 15
50	6	73
125	37	99
200	34	86
275	36	101
350	38	95
425	41	130
500	30	92
575	22	80
650	28	135
725	30	119
800	24	80
875	26	88
950	39	99
1025	24	100
1100	32	99
1175	35	135
1250	37	92
1325	32	117
1400	24	101
1475	24	87
1550	22	125
1625	23	86
1700	27	98
1775	31	94
1850	22	111
1925	41	114
2000	24	88

Run 16
50	38	81
125	15	74
200	42	112
275	42	114
350	37	142
425	34	128
500	35	109
575	34	88
650	24	112
725	25	123
800	30	88
875	21	97
950	9	66
1025	25	150
1100	24	139
1175	24	163
1250	30	118
1325	26	124
1400	42	86
1475	31	148
1550	11	92
1625	24	89
1700	23	142
1775	43	119
1850	28	166
1925	44	97
2000	29	113

Run 17
50	12	59
125	40	105
200	45	106
275	17	73
350	43	140
425	31	102
500	43	123
575	29	104
650	32	110
725	27	105
800	24	110
875	24	107
950	42	109
1025	32	138
1100	30	104
1175	19	90
1250	18	94
1325	8	51
1400	21	95
1475	24	122
1550	36	110
1625	27	95
1700	39	96
1775	22	103
1850	23	110
1925	13	124
2000	18	80

Run 18
50	7	68
125	45	147
200	37	75
275	40	108
350	37	109
425	23	85
500	14	89
575	25	110
650	22	93
725	23	128
800	35	102
875	26	95
950	13	69
1025	22	102
1100	26	104
1175	36	109
1250	26	78
1325	22	92
1400	16	82
1475	38	121
1550	29	114
1625	15	57
1700	26	76
1775	30	108
1850	36	105
1925	34	89
2000	31	96

Run 19
50	5	64
125	44	127
200	45	104
275	46	182
350	32	100
425	30	114
500	30	87
575	34	84
650	29	88
725	38	104
800	42	125
875	32	115
950	30	109
1025	30	92
1100	33	95
1175	29	134
1250	33	87
1325	28	101
1400	40	115
1475	23	98
1550	33	117
1625	30	88
1700	26	117
1775	30	110
1850	23	90
1925	21	104
2000	22	94

Run 20
50	40	117
125	29	91
200	32	99
275	36	94
350	36	94
425	32	94
500	16	61
575	40	94
650	36	102
725	48	133
800	22	77
875	39	107
950	26	73
1025	43	92
1100	31	97
1175	32	120
1250	28	91
1325	28	114
1400	31	125
1475	37	87
1550	33	102
1625	32	135
1700	29	103
1775	38	131
1850	26	112
1925	26	76
2000	40	105

Run 21
50	7	90
125	53	109
200	45	142
275	43	107
350	34	103
425	38	97
500	31	90
575	17	86
650	29	101
725	27	83
800	28	107
875	31	111
950	15	71
1025	22	93
1100	28	89
1175	18	78
1250	27	164
1325	25	108
1400	28	80
1475	30	106
1550	22	99
1625	28	98
1700	27	109
1775	20	71
1850	29	90
1925	14	87
2000	36	112

Run 22
50	30	95
125	39	101
200	44	107
275	38	127
350	29	88
425	34	137
500	9	62
575	40	107
650	29	114
725	23	81
800	24	137
875	17	113
950	18	100
1025	25	107
1100	29	103
1175	39	74
1250	25	112
1325	24	103
1400	19	104
1475	22	83
1550	36	85
1625	23	111
1700	18	76
1775	37	76
1850	25	106
1925	27	162
2000	39	100

Run 23
50	7	69
125	54	148
200	36	94
275	24	103
350	42	198
425	33	110
500	29	112
575	30	130
650	32	111
725	28	103
800	32	113
875	34	96
950	36	137
1025	34	107
1100	32	121
1175	34	84
1250	16	70
1325	39	102
1400	31	109
1475	41	152
1550	26	122
1625	31	120
1700	32	128
1775	38	114
1850	28	99
1925	17	58
2000	44	141

Run 24
50	9	57
125	45	100
200	42	102
275	20	100
350	36	127
425	41	86
500	43	103
575	30	112
650	28	84
725	19	104
800	33	96
875	36	154
950	33	84
1025	33	108
1100	37	103
1175	29	84
1250	36	106
1325	25	85
1400	35	98
1475	30	59
1550	33	96
1625	30	65
1700	31	99
1775	39	129
1850	32	107
1925	27	79
2000	29	84

Run 25
50	8	58
125	45	132
200	36	92
275	39	106
350	35	89
425	15	70
500	25	100
575	27	119
650	37	93
725	31	98
800	24	85
875	30	102
950	28	92
1025	29	83
1100	25	98
1175	19	88
1250	19	111
1325	23	108
1400	14	61
1475	35	85
1550	33	80
1625	22	73
1700	11	69
1775	30	96
1850	34	109
1925	27	87
2000	35	98

Run 26
50	8	61
125	45	123
200	43	99
275	44	108
350	31	129
425	32	92
500	38	89
575	39	90
650	46	121
725	35	98
800	37	105
875	35	162
950	29	121
1025	30	97
1100	34	109
1175	33	101
1250	40	183
1325	19	67
1400	31	105
1475	29	101
1550	29	128
1625	29	183
1700	16	108
1775	44	186
1850	37	112
1925	31	94
2000	39	101

Run 27
50	3	49
125	31	122
200	27	81
275	33	115
350	32	115
425	22	87
500	43	103
575	26	95
650	23	91
725	24	101
800	19	114
875	20	145
950	17	132
1025	20	131
1100	21	101
1175	11	75
1250	17	100
1325	11	88
1400	14	98
1475	20	118
1550	32	91
1625	27	158
1700	29	136
1775	29	102
1850	36	167
1925	35	146
2000	21	149

Run 28
50	7	93
125	40	111
200	40	124
275	43	106
350	51	165
425	21	77
500	34	107
575	30	108
650	25	99
725	24	105
800	24	89
875	35	113
950	30	99
1025	24	79
1100	21	132
1175	33	85
1250	26	82
1325	32	92
1400	29	82
1475	31	111
1550	34	122
1625	29	100
1700	23	93
1775	34	93
1850	25	101
1925	29	93
2000	27	107

Run 29
50	44	112
125	41	158
200	17	78
275	44	135
350	41	125
425	22	96
500	34	113
575	28	94
650	24	103
725	28	153
800	41	118
875	28	104
950	29	88
1025	29	103
1100	15	97
1175	20	89
1250	25	109
1325	27	123
1400	19	74
1475	27	161
1550	28	169
1625	31	92
1700	29	110
1775	28	113
1850	28	95
1925	37	117
2000	29	106

Run 30
50	27	81
125	11	74
200	30	82
275	30	91
350	40	110
425	33	120
500	15	63
575	25	96
650	26	107
725	35	92
800	35	89
875	18	66
950	29	99
1025	28	109
1100	32	102
1175	33	82
1250	32	90
1325	39	138
1400	31	107
1475	36	97
1550	35	109
1625	27	78
1700	31	95
1775	24	114
1850	29	83
1925	34	101
2000	25	90

