Result Log
Run 1
50	5	42
125	13	48
200	14	80
275	14	55
350	12	43
425	11	42
500	10	44
575	6	38
650	7	54
725	5	48
800	2	67
875	4	51
950	3	39
1025	4	68
1100	3	48
1175	2	46
1250	0	30
1325	4	62
1400	7	67
1475	6	46
1550	3	49
1625	3	28
1700	3	44
1775	3	40
1850	5	43
1925	7	43
2000	8	49

Run 2
50	0	27
125	10	53
200	14	63
275	21	119
350	16	61
425	16	58
500	18	57
575	13	53
650	17	78
725	12	53
800	11	67
875	12	59
950	10	86
1025	9	54
1100	6	59
1175	6	46
1250	10	52
1325	6	47
1400	10	72
1475	6	50
1550	5	45
1625	11	80
1700	10	62
1775	10	68
1850	8	79
1925	10	47
2000	8	62

Run 3
50	2	49
125	13	51
200	11	42
275	13	60
350	8	48
425	8	48
500	8	50
575	6	44
650	6	47
725	6	34
800	6	51
875	9	61
950	9	57
1025	10	52
1100	10	73
1175	5	49
1250	7	60
1325	7	51
1400	3	34
1475	7	52
1550	6	59
1625	6	54
1700	4	34
1775	8	59
1850	8	49
1925	6	54
2000	9	43

Run 4
50	5	30
125	12	65
200	14	61
275	16	75
350	13	52
425	14	56
500	9	35
575	10	59
650	8	51
725	6	63
800	7	70
875	6	72
950	5	47
1025	8	47
1100	6	62
1175	6	62
1250	6	77
1325	6	47
1400	5	35
1475	4	48
1550	7	46
1625	4	37
1700	9	59
1775	8	64
1850	9	59
1925	5	44
2000	9	52

Run 5
50	4	37
125	5	64
200	6	47
275	12	55
350	12	46
425	14	60
500	12	60
575	15	84
650	10	47
725	6	59
800	7	48
875	8	64
950	9	58
1025	4	68
1100	7	48
1175	2	52
1250	5	74
1325	2	32
1400	4	44
1475	5	65
1550	8	46
1625	6	43
1700	7	61
1775	10	75
1850	8	55
1925	7	47
2000	6	56

Run 6
50	6	52
125	13	52
200	17	47
275	16	59
350	14	42
425	15	56
500	12	42
575	8	52
650	10	53
725	5	40
800	7	71
875	9	64
950	5	75
1025	5	41
1100	5	63
1175	3	49
1250	5	46
1325	5	47
1400	7	49
1475	6	49
1550	7	68
1625	5	54
1700	9	86
1775	6	59
1850	8	50
1925	5	70
2000	7	57

Run 7
50	4	41
125	12	55
200	9	53
275	16	63
350	10	57
425	11	49
500	11	55
575	9	73
650	9	52
725	6	42
800	5	47
875	2	39
950	2	55
1025	3	49
1100	4	47
1175	4	33
1250	3	56
1325	5	43
1400	4	37
1475	4	32
1550	6	44
1625	8	66
1700	6	59
1775	5	59
1850	6	55
1925	7	52
2000	4	57

Run 8
50	4	35
125	12	43
200	19	77
275	18	63
350	12	55
425	11	44
500	8	42
575	3	60
650	5	34
725	4	57
800	6	71
875	8	64
950	4	42
1025	4	43
1100	4	77
1175	3	53
1250	7	49
1325	7	65
1400	8	49
1475	6	35
1550	10	68
1625	7	55
1700	6	47
1775	5	52
1850	7	87
1925	8	64
2000	6	65

Run 9
50	0	27
125	8	59
200	11	58
275	10	54
350	11	47
425	11	52
500	9	55
575	8	57
650	6	54
725	8	54
800	7	156
875	7	80
950	6	56
1025	7	54
1100	6	46
1175	8	69
1250	6	44
1325	5	50
1400	10	66
1475	7	60
1550	7	72
1625	7	95
1700	5	35
1775	7	43
1850	8	62
1925	6	49
2000	7	81

Run 10
50	1	24
125	6	37
200	8	46
275	11	53
350	11	54
425	13	63
500	13	55
575	13	54
650	9	45
725	8	64
800	6	64
875	4	39
950	5	36
1025	3	36
1100	8	52
1175	8	44
1250	5	48
1325	3	37
1400	6	58
1475	8	64
1550	7	54
1625	6	73
1700	4	51
1775	5	47
1850	6	51
1925	5	41
2000	5	51

Run 11
50	1	38
125	9	55
200	16	63
275	18	62
350	16	61
425	12	51
500	8	47
575	7	43
650	6	83
725	7	59
800	7	70
875	6	53
950	9	68
1025	9	58
1100	10	60
1175	7	75
1250	9	77
1325	8	62
1400	9	53
1475	5	49
1550	5	69
1625	6	68
1700	2	44
1775	7	60
1850	4	58
1925	5	44
2000	7	68

Run 12
50	2	40
125	9	30
200	13	53
275	15	47
350	18	77
425	17	83
500	20	51
575	17	76
650	16	54
725	16	54
800	13	52
875	14	79
950	12	60
1025	7	49
1100	11	76
1175	7	44
1250	7	52
1325	8	60
1400	5	67
1475	5	58
1550	5	45
1625	6	45
1700	3	44
1775	8	73
1850	3	63
1925	12	63
2000	4	59

Run 13
50	3	47
125	11	50
200	14	50
275	15	49
350	15	82
425	15	66
500	13	48
575	13	47
650	13	63
725	12	51
800	7	33
875	11	80
950	9	48
1025	7	74
1100	5	31
1175	4	47
1250	5	38
1325	8	58
1400	7	56
1475	9	67
1550	7	62
1625	6	45
1700	6	36
1775	5	44
1850	7	58
1925	4	64
2000	4	49

Run 14
50	3	37
125	11	55
200	12	55
275	14	62
350	15	60
425	12	45
500	13	65
575	13	54
650	11	65
725	13	71
800	7	47
875	6	57
950	8	60
1025	5	37
1100	5	60
1175	5	47
1250	6	61
1325	4	45
1400	7	51
1475	5	47
1550	7	42
1625	11	85
1700	10	69
1775	6	49
1850	7	42
1925	9	57
2000	10	55

Run 15
50	5	60
125	10	52
200	16	50
275	19	47
350	20	53
425	16	74
500	14	67
575	14	61
650	10	93
725	7	54
800	7	58
875	7	53
950	5	55
1025	9	42
1100	5	54
1175	6	63
1250	7	61
1325	4	49
1400	7	53
1475	8	70
1550	5	42
1625	7	54
1700	6	57
1775	6	56
1850	5	54
1925	6	50
2000	7	44

Run 16
50	3	42
125	5	53
200	9	67
275	10	50
350	15	59
425	16	96
500	16	58
575	16	69
650	18	54
725	12	53
800	12	58
875	8	40
950	10	54
1025	9	90
1100	7	70
1175	6	69
1250	8	56
1325	7	61
1400	9	50
1475	6	39
1550	8	68
1625	9	63
1700	7	69
1775	7	47
1850	5	42
1925	4	49
2000	8	57

Run 17
50	4	48
125	8	46
200	13	61
275	15	63
350	18	57
425	14	50
500	15	59
575	15	67
650	10	81
725	11	59
800	9	43
875	8	39
950	6	54
1025	8	35
1100	9	49
1175	8	47
1250	8	63
1325	5	37
1400	5	43
1475	5	74
1550	5	69
1625	6	52
1700	5	73
1775	5	78
1850	7	49
1925	5	40
2000	7	59

Run 18
50	5	44
125	11	47
200	12	70
275	13	54
350	12	76
425	9	47
500	11	77
575	6	63
650	8	69
725	6	39
800	5	66
875	5	51
950	4	42
1025	4	52
1100	4	58
1175	7	46
1250	10	69
1325	7	53
1400	7	62
1475	10	60
1550	5	56
1625	6	39
1700	6	50
1775	4	51
1850	4	42
1925	4	47
2000	3	43

Run 19
50	3	44
125	9	43
200	12	52
275	14	64
350	15	89
425	13	57
500	14	73
575	7	65
650	7	33
725	8	63
800	7	44
875	7	48
950	4	41
1025	3	69
1100	3	47
1175	5	60
1250	5	61
1325	4	69
1400	4	63
1475	7	71
1550	5	44
1625	6	65
1700	7	79
1775	7	72
1850	7	56
1925	7	47
2000	4	30

Run 20
50	1	46
125	11	51
200	12	54
275	15	63
350	16	63
425	19	61
500	10	46
575	8	55
650	9	85
725	5	48
800	6	54
875	6	46
950	5	47
1025	7	65
1100	7	40
1175	9	61
1250	5	45
1325	8	57
1400	10	49
1475	10	57
1550	9	67
1625	7	77
1700	10	70
1775	9	59
1850	7	47
1925	5	60
2000	8	88

Run 21
50	0	47
125	8	37
200	13	58
275	14	53
350	15	77
425	17	59
500	16	51
575	12	49
650	11	58
725	11	54
800	11	60
875	9	59
950	7	57
1025	11	76
1100	5	38
1175	7	59
1250	8	39
1325	7	61
1400	6	67
1475	7	59
1550	8	49
1625	7	50
1700	4	59
1775	7	47
1850	4	44
1925	7	46
2000	7	39

Run 22
50	0	72
125	4	59
200	13	76
275	15	57
350	23	82
425	14	71
500	14	71
575	14	56
650	12	54
725	11	54
800	10	88
875	6	49
950	5	79
1025	6	49
1100	5	48
1175	5	65
1250	4	40
1325	8	64
1400	8	81
1475	5	58
1550	6	56
1625	6	75
1700	8	42
1775	5	44
1850	4	39
1925	6	44
2000	6	42

Run 23
50	6	35
125	12	69
200	15	59
275	15	107
350	17	57
425	11	49
500	10	48
575	8	50
650	9	48
725	9	51
800	9	86
875	5	66
950	5	79
1025	3	47
1100	5	42
1175	6	47
1250	8	47
1325	4	49
1400	5	56
1475	11	68
1550	10	64
1625	8	54
1700	8	70
1775	6	40
1850	10	77
1925	9	53
2000	7	43

Run 24
50	5	42
125	8	61
200	9	43
275	9	64
350	8	39
425	9	59
500	9	57
575	11	52
650	10	82
725	10	83
800	8	53
875	7	50
950	7	78
1025	4	41
1100	8	62
1175	9	75
1250	7	72
1325	9	47
1400	7	70
1475	8	51
1550	9	54
1625	8	60
1700	12	61
1775	11	75
1850	9	57
1925	8	60
2000	5	47

Run 25
50	3	40
125	10	77
200	13	59
275	15	59
350	16	47
425	17	46
500	13	50
575	10	67
650	11	54
725	7	54
800	4	35
875	4	54
950	8	49
1025	6	65
1100	6	40
1175	8	57
1250	6	39
1325	5	55
1400	9	63
1475	8	44
1550	5	42
1625	5	49
1700	6	44
1775	3	37
1850	6	38
1925	6	39
2000	5	46

Run 26
50	4	53
125	9	63
200	9	66
275	16	60
350	15	63
425	13	64
500	14	49
575	12	60
650	8	54
725	9	62
800	4	57
875	4	58
950	6	73
1025	7	68
1100	7	43
1175	5	49
1250	5	50
1325	4	66
1400	5	58
1475	4	55
1550	7	47
1625	4	75
1700	4	59
1775	5	63
1850	6	39
1925	6	49
2000	5	98

Run 27
50	0	38
125	7	36
200	12	64
275	14	55
350	15	56
425	20	50
500	17	53
575	15	50
650	16	52
725	16	68
800	17	54
875	12	65
950	10	55
1025	10	47
1100	10	57
1175	8	74
1250	8	49
1325	6	49
1400	10	59
1475	6	47
1550	6	56
1625	10	69
1700	6	72
1775	7	38
1850	9	53
1925	11	64
2000	9	49

Run 28
50	3	56
125	10	49
200	11	54
275	11	49
350	14	52
425	12	50
500	13	52
575	11	54
650	8	44
725	5	50
800	5	49
875	7	58
950	5	37
1025	6	41
1100	4	40
1175	5	60
1250	4	30
1325	6	48
1400	4	41
1475	5	46
1550	7	49
1625	5	34
1700	8	37
1775	7	54
1850	8	42
1925	8	60
2000	9	52

Run 29
50	8	42
125	12	80
200	18	63
275	16	59
350	13	52
425	18	59
500	13	83
575	16	79
650	11	53
725	10	79
800	9	56
875	7	57
950	11	82
1025	11	50
1100	9	48
1175	8	58
1250	8	78
1325	8	68
1400	9	55
1475	9	44
1550	8	58
1625	5	41
1700	4	62
1775	6	39
1850	4	90
1925	5	38
2000	5	55

Run 30
50	4	75
125	12	57
200	10	64
275	15	62
350	17	57
425	10	57
500	13	55
575	10	54
650	6	84
725	8	36
800	9	46
875	8	80
950	7	62
1025	7	59
1100	9	76
1175	9	55
1250	7	62
1325	6	61
1400	7	55
1475	6	72
1550	6	89
1625	6	49
1700	6	50
1775	8	72
1850	9	55
1925	9	86
2000	6	84

