Result Log
Run 1
50	6	57
125	11	81
200	17	72
275	20	85
350	20	83
425	17	95
500	15	83
575	16	78
650	16	63
725	20	82
800	19	89
875	14	74
950	15	79
1025	16	93
1100	13	69
1175	19	68
1250	17	72
1325	15	75
1400	18	83
1475	14	62
1550	16	78
1625	15	81
1700	16	90
1775	18	60
1850	12	67
1925	18	95
2000	16	56

Run 2
50	0	47
125	13	97
200	25	103
275	24	87
350	17	73
425	18	77
500	19	73
575	15	86
650	16	72
725	18	75
800	14	60
875	18	114
950	18	78
1025	16	71
1100	19	79
1175	20	81
1250	19	96
1325	21	99
1400	17	89
1475	16	87
1550	17	83
1625	20	80
1700	19	72
1775	21	69
1850	19	79
1925	16	97
2000	24	96

Run 3
50	9	82
125	14	69
200	19	70
275	22	100
350	23	78
425	16	86
500	13	61
575	13	85
650	10	64
725	9	59
800	15	97
875	9	73
950	16	68
1025	16	117
1100	13	52
1175	15	60
1250	14	65
1325	14	57
1400	16	94
1475	18	63
1550	20	65
1625	20	77
1700	20	76
1775	23	64
1850	23	55
1925	24	59
2000	28	60

Run 4
50	9	84
125	18	95
200	20	73
275	22	79
350	27	71
425	20	77
500	20	78
575	19	75
650	16	60
725	14	90
800	18	88
875	19	67
950	21	88
1025	17	81
1100	20	99
1175	21	64
1250	19	62
1325	20	86
1400	27	95
1475	17	87
1550	17	69
1625	23	58
1700	21	76
1775	21	85
1850	21	68
1925	25	189
2000	21	81

Run 5
50	6	89
125	15	70
200	25	79
275	24	112
350	22	78
425	20	64
500	13	70
575	17	88
650	14	63
725	16	73
800	19	90
875	13	81
950	16	69
1025	14	78
1100	14	60
1175	17	74
1250	19	70
1325	19	64
1400	21	60
1475	20	65
1550	19	55
1625	19	72
1700	23	101
1775	27	159
1850	25	68
1925	22	76
2000	23	68

Run 6
50	6	57
125	14	99
200	25	93
275	28	70
350	30	91
425	25	74
500	25	71
575	23	79
650	25	91
725	18	75
800	25	89
875	22	68
950	22	89
1025	21	62
1100	26	91
1175	25	78
1250	25	82
1325	28	105
1400	26	99
1475	27	84
1550	29	148
1625	24	102
1700	22	104
1775	28	148
1850	24	58
1925	27	82
2000	23	92

Run 7
50	5	70
125	9	49
200	12	60
275	22	88
350	20	56
425	20	99
500	17	61
575	17	91
650	21	79
725	21	84
800	20	67
875	20	74
950	18	79
1025	18	64
1100	18	74
1175	20	63
1250	21	63
1325	21	64
1400	20	72
1475	23	62
1550	25	55
1625	21	55
1700	23	62
1775	20	44
1850	26	92
1925	24	57
2000	24	61

Run 8
50	10	106
125	11	84
200	17	97
275	21	75
350	13	64
425	13	74
500	12	55
575	15	58
650	15	95
725	19	72
800	20	62
875	19	48
950	23	59
1025	19	106
1100	28	64
1175	26	58
1250	27	68
1325	29	107
1400	24	53
1475	30	90
1550	26	56
1625	25	68
1700	26	67
1775	26	65
1850	24	60
1925	27	74
2000	30	58

Run 9
50	8	78
125	22	102
200	21	83
275	27	110
350	17	69
425	17	78
500	11	60
575	13	72
650	15	79
725	12	69
800	14	75
875	16	72
950	16	100
1025	18	61
1100	20	62
1175	22	70
1250	13	48
1325	16	67
1400	16	54
1475	20	75
1550	19	78
1625	23	59
1700	21	90
1775	16	98
1850	22	95
1925	21	83
2000	18	80

Run 10
50	1	49
125	13	82
200	22	70
275	28	72
350	20	72
425	23	83
500	15	58
575	17	68
650	17	121
725	21	96
800	17	89
875	20	113
950	20	77
1025	23	102
1100	15	69
1175	15	84
1250	18	70
1325	19	101
1400	10	85
1475	15	47
1550	18	78
1625	20	91
1700	22	64
1775	23	60
1850	18	69
1925	19	55
2000	24	80

Run 11
50	4	63
125	20	83
200	21	116
275	24	82
350	26	77
425	24	90
500	17	72
575	22	90
650	21	58
725	16	63
800	21	73
875	17	57
950	24	63
1025	23	64
1100	24	93
1175	21	101
1250	27	97
1325	22	75
1400	23	79
1475	25	71
1550	20	49
1625	27	57
1700	21	49
1775	27	57
1850	25	47
1925	23	64
2000	27	91

Run 12
50	3	40
125	10	57
200	17	87
275	21	75
350	23	100
425	19	86
500	18	69
575	18	90
650	20	85
725	12	66
800	18	78
875	15	54
950	13	92
1025	20	89
1100	17	87
1175	12	57
1250	13	73
1325	14	49
1400	17	103
1475	17	97
1550	12	56
1625	17	82
1700	22	67
1775	16	89
1850	17	60
1925	25	77
2000	21	59

Run 13
50	9	71
125	20	87
200	22	91
275	22	81
350	20	86
425	17	72
500	15	103
575	10	62
650	16	71
725	12	47
800	15	62
875	12	37
950	14	61
1025	18	67
1100	20	72
1175	17	53
1250	22	64
1325	24	54
1400	21	55
1475	24	49
1550	22	58
1625	24	59
1700	21	104
1775	24	51
1850	23	58
1925	21	67
2000	27	53

Run 14
50	3	51
125	16	82
200	21	86
275	18	79
350	19	69
425	21	74
500	15	74
575	17	69
650	19	62
725	17	68
800	22	69
875	13	49
950	15	84
1025	21	83
1100	13	75
1175	14	56
1250	17	81
1325	18	82
1400	18	71
1475	19	75
1550	18	113
1625	17	87
1700	18	62
1775	16	63
1850	22	95
1925	19	61
2000	22	95

Run 15
50	11	73
125	13	71
200	20	70
275	18	94
350	22	69
425	20	85
500	15	73
575	13	72
650	14	73
725	16	58
800	11	46
875	15	102
950	18	67
1025	17	98
1100	16	75
1175	20	54
1250	17	75
1325	18	65
1400	20	69
1475	23	47
1550	21	70
1625	22	58
1700	23	72
1775	25	63
1850	24	62
1925	20	54
2000	23	61

Run 16
50	4	70
125	18	91
200	21	73
275	14	98
350	17	57
425	21	71
500	18	92
575	12	86
650	10	72
725	15	72
800	15	57
875	19	98
950	15	68
1025	16	59
1100	23	93
1175	16	59
1250	20	60
1325	15	44
1400	21	92
1475	20	54
1550	19	74
1625	21	52
1700	22	76
1775	21	64
1850	23	75
1925	20	57
2000	24	80

Run 17
50	1	64
125	19	97
200	21	82
275	23	93
350	23	74
425	14	66
500	15	86
575	17	89
650	19	101
725	16	79
800	21	81
875	18	103
950	19	65
1025	14	67
1100	16	88
1175	19	81
1250	18	56
1325	18	67
1400	22	55
1475	23	74
1550	23	82
1625	25	74
1700	24	57
1775	26	63
1850	26	71
1925	23	72
2000	24	51

Run 18
50	7	70
125	18	87
200	33	111
275	28	77
350	28	82
425	24	84
500	21	109
575	17	60
650	24	86
725	21	64
800	17	107
875	18	83
950	18	93
1025	24	90
1100	23	83
1175	19	87
1250	21	80
1325	23	64
1400	22	90
1475	27	80
1550	25	98
1625	25	96
1700	23	79
1775	19	93
1850	17	86
1925	20	66
2000	19	67

Run 19
50	0	57
125	10	72
200	18	62
275	22	89
350	19	83
425	19	80
500	19	91
575	20	74
650	11	69
725	15	54
800	19	76
875	14	84
950	12	77
1025	16	71
1100	11	59
1175	14	63
1250	20	76
1325	23	106
1400	22	83
1475	19	60
1550	20	71
1625	18	91
1700	22	139
1775	19	82
1850	19	53
1925	19	69
2000	17	57

Run 20
50	-8	62
125	10	81
200	20	110
275	24	81
350	17	85
425	13	74
500	22	70
575	13	59
650	12	67
725	18	71
800	17	82
875	16	71
950	18	55
1025	20	78
1100	17	57
1175	22	74
1250	22	73
1325	20	77
1400	20	66
1475	25	68
1550	24	58
1625	23	83
1700	26	89
1775	22	52
1850	24	65
1925	26	75
2000	23	71

Run 21
50	6	81
125	13	92
200	24	88
275	24	88
350	18	83
425	16	68
500	14	77
575	17	52
650	17	55
725	25	77
800	19	66
875	19	73
950	27	107
1025	24	85
1100	19	87
1175	24	68
1250	23	93
1325	24	87
1400	26	73
1475	25	101
1550	22	70
1625	17	60
1700	26	93
1775	19	62
1850	25	69
1925	22	79
2000	21	55

Run 22
50	12	54
125	26	83
200	27	87
275	24	77
350	17	87
425	17	75
500	13	80
575	11	55
650	14	69
725	21	99
800	16	72
875	13	80
950	13	81
1025	11	51
1100	11	81
1175	15	76
1250	12	54
1325	14	72
1400	12	70
1475	18	84
1550	15	72
1625	15	62
1700	16	89
1775	17	52
1850	18	49
1925	24	70
2000	26	80

Run 23
50	10	58
125	16	91
200	22	90
275	21	85
350	17	67
425	14	72
500	20	88
575	16	79
650	12	60
725	12	66
800	10	63
875	13	73
950	12	81
1025	14	63
1100	14	90
1175	13	63
1250	14	94
1325	21	74
1400	14	83
1475	19	93
1550	16	72
1625	15	76
1700	15	70
1775	19	98
1850	19	66
1925	20	100
2000	18	93

Run 24
50	4	94
125	28	165
200	32	69
275	22	71
350	23	71
425	23	62
500	17	52
575	18	66
650	20	85
725	23	92
800	21	60
875	20	65
950	26	101
1025	22	71
1100	19	61
1175	23	78
1250	21	94
1325	23	79
1400	19	85
1475	25	67
1550	26	80
1625	26	53
1700	23	57
1775	23	81
1850	24	70
1925	28	53
2000	30	80

Run 25
50	8	62
125	15	91
200	25	79
275	29	95
350	25	79
425	24	83
500	18	69
575	13	81
650	16	63
725	18	83
800	15	66
875	16	76
950	14	77
1025	17	79
1100	21	104
1175	18	66
1250	19	67
1325	22	112
1400	23	64
1475	22	90
1550	24	78
1625	17	66
1700	21	66
1775	19	58
1850	19	63
1925	22	60
2000	22	89

Run 26
50	9	64
125	28	107
200	26	82
275	32	86
350	26	85
425	28	81
500	31	83
575	17	65
650	17	66
725	18	57
800	22	78
875	18	71
950	21	95
1025	19	67
1100	22	88
1175	22	82
1250	25	62
1325	20	63
1400	21	81
1475	23	94
1550	23	63
1625	26	73
1700	21	52
1775	22	63
1850	20	55
1925	22	50
2000	20	57

Run 27
50	4	60
125	19	69
200	31	84
275	34	102
350	30	80
425	23	75
500	25	66
575	21	65
650	14	77
725	9	56
800	10	62
875	16	87
950	8	90
1025	14	60
1100	9	40
1175	16	112
1250	15	57
1325	14	53
1400	17	80
1475	17	82
1550	13	65
1625	18	69
1700	19	73
1775	22	69
1850	17	50
1925	16	56
2000	25	81

Run 28
50	2	57
125	14	67
200	23	89
275	26	87
350	21	67
425	21	77
500	15	79
575	18	78
650	14	49
725	18	93
800	15	60
875	17	58
950	20	77
1025	22	59
1100	18	119
1175	27	95
1250	23	59
1325	24	67
1400	25	77
1475	23	59
1550	25	77
1625	26	85
1700	28	84
1775	23	73
1850	19	53
1925	22	59
2000	25	67

Run 29
50	3	68
125	16	73
200	18	92
275	22	77
350	23	113
425	19	65
500	15	75
575	22	77
650	13	61
725	11	70
800	13	77
875	15	77
950	20	87
1025	17	85
1100	14	94
1175	16	45
1250	15	78
1325	12	59
1400	15	59
1475	17	77
1550	14	64
1625	16	80
1700	16	59
1775	17	49
1850	18	72
1925	20	67
2000	21	62

Run 30
50	7	57
125	14	89
200	17	74
275	19	76
350	15	75
425	14	63
500	12	70
575	17	103
650	12	63
725	12	73
800	11	60
875	14	54
950	15	79
1025	20	101
1100	17	84
1175	14	67
1250	18	59
1325	17	77
1400	21	57
1475	20	71
1550	20	82
1625	21	62
1700	13	56
1775	15	64
1850	17	47
1925	23	77
2000	20	69

